<?xml version="1.0" encoding="UTF-8"?>
<!-- Generated by org.testng.reporters.JUnitXMLReporter -->
<testsuite hostname="vgorchakov" ignored="0" name="Command line test" tests="6" failures="4" timestamp="04 мар 2019 11:40:55 GMT" time="25.893" errors="0">
  <testcase name="enterIncorrectLogin" time="2.722" classname="tests.LoginTest"/>
  <testcase name="enterIncorrectName" time="5.695" classname="tests.RegisterTest"/>
  <testcase name="enterCorrectData" time="4.391" classname="tests.LoginTest">
    <failure type="com.codeborne.selenide.ex.ElementNotFound" message="Element not found {By.xpath: //div[@class=&amp;apos;fancybox-skin&amp;apos;]//p[contains(.,&amp;apos;Войти в личный кабинет на Маркет&amp;apos;)]}
Expected: visible">
      <![CDATA[Element not found {By.xpath: //div[@class='fancybox-skin']//p[contains(.,'Войти в личный кабинет на Маркет')]}
Expected: visible
Screenshot: file:/C:/Lesson/leroymerlinMarket/build/reports/tests/1551699654387.0.png
Page source: file:/C:/Lesson/leroymerlinMarket/build/reports/tests/1551699654387.0.html
Timeout: 4 s.
Caused by: NoSuchElementException: no such element: Unable to locate element: {"method":"xpath","selector":"//div[@class='fancybox-skin']//p[contains(.,'Войти в личный кабинет на Маркет')]"}
at com.codeborne.selenide.impl.WebElementSource.createElementNotFoundError(WebElementSource.java:37)
at com.codeborne.selenide.impl.ElementFinder.createElementNotFoundError(ElementFinder.java:100)
at com.codeborne.selenide.impl.WebElementSource.checkCondition(WebElementSource.java:65)
at com.codeborne.selenide.commands.Should.should(Should.java:35)
at com.codeborne.selenide.commands.Should.execute(Should.java:29)
at com.codeborne.selenide.commands.Should.execute(Should.java:12)
at com.codeborne.selenide.commands.Commands.execute(Commands.java:144)
at com.codeborne.selenide.impl.SelenideElementProxy.dispatchAndRetry(SelenideElementProxy.java:99)
at com.codeborne.selenide.impl.SelenideElementProxy.invoke(SelenideElementProxy.java:65)
at com.sun.proxy.$Proxy4.shouldBe(Unknown Source)
at page_elements.LoginElement.<init>(LoginElement.java:20)
at tests.LoginTest.enterCorrectData(LoginTest.java:32)
Caused by: org.openqa.selenium.NoSuchElementException: no such element: Unable to locate element: {"method":"xpath","selector":"//div[@class='fancybox-skin']//p[contains(.,'Войти в личный кабинет на Маркет')]"}
  (Session info: chrome=72.0.3626.119)
  (Driver info: chromedriver=73.0.3683.20 (8e2b610813e167eee3619ac4ce6e42e3ec622017),platform=Windows NT 10.0.16299 x86_64) (WARNING: The server did not provide any stacktrace information)
Command duration or timeout: 0 milliseconds
For documentation on this error, please visit: https://www.seleniumhq.org/exceptions/no_such_element.html
Build info: version: '3.141.59', revision: 'e82be7d358', time: '2018-11-14T08:17:03'
System info: host: 'VGORCHAKOV', ip: '169.254.116.150', os.name: 'Windows 10', os.arch: 'amd64', os.version: '10.0', java.version: '1.8.0_102'
Driver info: org.openqa.selenium.chrome.ChromeDriver
Capabilities {acceptInsecureCerts: false, acceptSslCerts: false, applicationCacheEnabled: false, browserConnectionEnabled: false, browserName: chrome, chrome: {chromedriverVersion: 73.0.3683.20 (8e2b610813e16..., userDataDir: C:\Users\VGORCH~1\AppData\L...}, cssSelectorsEnabled: true, databaseEnabled: false, goog:chromeOptions: {debuggerAddress: localhost:4922}, handlesAlerts: true, hasTouchScreen: false, javascriptEnabled: true, locationContextEnabled: true, mobileEmulationEnabled: false, nativeEvents: true, networkConnectionEnabled: false, pageLoadStrategy: normal, platform: XP, platformName: XP, proxy: Proxy(), rotatable: false, setWindowRect: true, strictFileInteractability: false, takesHeapSnapshot: true, takesScreenshot: true, timeouts: {implicit: 0, pageLoad: 300000, script: 30000}, unexpectedAlertBehaviour: ignore, unhandledPromptBehavior: ignore, version: 72.0.3626.119, webStorageEnabled: true}
Session ID: 6ed37f21eefde7a9abbc8ac598bb51ec
*** Element info: {Using=xpath, value=//div[@class='fancybox-skin']//p[contains(.,'Войти в личный кабинет на Маркет')]}
at org.openqa.selenium.remote.ErrorHandler.createThrowable(ErrorHandler.java:214)
at org.openqa.selenium.remote.ErrorHandler.throwIfResponseFailed(ErrorHandler.java:166)
at org.openqa.selenium.remote.http.JsonHttpResponseCodec.reconstructValue(JsonHttpResponseCodec.java:40)
at org.openqa.selenium.remote.http.AbstractHttpResponseCodec.decode(AbstractHttpResponseCodec.java:80)
at org.openqa.selenium.remote.http.AbstractHttpResponseCodec.decode(AbstractHttpResponseCodec.java:44)
at org.openqa.selenium.remote.HttpCommandExecutor.execute(HttpCommandExecutor.java:158)
at org.openqa.selenium.remote.service.DriverCommandExecutor.execute(DriverCommandExecutor.java:83)
at org.openqa.selenium.remote.RemoteWebDriver.execute(RemoteWebDriver.java:552)
at org.openqa.selenium.remote.RemoteWebDriver.findElement(RemoteWebDriver.java:323)
at org.openqa.selenium.remote.RemoteWebDriver.findElementByXPath(RemoteWebDriver.java:428)
at org.openqa.selenium.By$ByXPath.findElement(By.java:353)
at org.openqa.selenium.remote.RemoteWebDriver.findElement(RemoteWebDriver.java:315)
at com.codeborne.selenide.impl.WebElementSelector.findElement(WebElementSelector.java:28)
at com.codeborne.selenide.impl.ElementFinder.getWebElement(ElementFinder.java:74)
at com.codeborne.selenide.impl.WebElementSource.checkCondition(WebElementSource.java:50)
... 44 more
... Removed 38 stack frames]]>
    </failure>
  </testcase> <!-- enterCorrectData -->
  <testcase name="enterIncorrectMail" time="0.001" classname="tests.RegisterTest">
    <failure type="java.lang.IllegalStateException" message="No webdriver is bound to current thread: 1. You need to call open(url) first.">
      <![CDATA[java.lang.IllegalStateException: No webdriver is bound to current thread: 1. You need to call open(url) first.
at com.codeborne.selenide.drivercommands.LazyDriver.getWebDriver(LazyDriver.java:67)
at com.codeborne.selenide.impl.ElementFinder.getSearchContext(ElementFinder.java:86)
at com.codeborne.selenide.impl.ElementFinder.getWebElement(ElementFinder.java:74)
at com.codeborne.selenide.impl.WebElementSource.checkCondition(WebElementSource.java:50)
at com.codeborne.selenide.commands.Should.should(Should.java:35)
at com.codeborne.selenide.commands.Should.execute(Should.java:29)
at com.codeborne.selenide.commands.Should.execute(Should.java:12)
at com.codeborne.selenide.commands.Commands.execute(Commands.java:144)
at com.codeborne.selenide.impl.SelenideElementProxy.dispatchAndRetry(SelenideElementProxy.java:99)
at com.codeborne.selenide.impl.SelenideElementProxy.invoke(SelenideElementProxy.java:65)
at com.sun.proxy.$Proxy4.shouldBe(Unknown Source)
at page_elements.HeaderElement.<init>(HeaderElement.java:15)
at page_objects.RegisterPage.<init>(RegisterPage.java:13)
at tests.RegisterTest.enterIncorrectMail(RegisterTest.java:29)
... Removed 35 stack frames]]>
    </failure>
  </testcase> <!-- enterIncorrectMail -->
  <testcase name="enterIncorrectPass" time="0.001" classname="tests.RegisterTest">
    <failure type="java.lang.IllegalStateException" message="No webdriver is bound to current thread: 1. You need to call open(url) first.">
      <![CDATA[java.lang.IllegalStateException: No webdriver is bound to current thread: 1. You need to call open(url) first.
at com.codeborne.selenide.drivercommands.LazyDriver.getWebDriver(LazyDriver.java:67)
at com.codeborne.selenide.impl.ElementFinder.getSearchContext(ElementFinder.java:86)
at com.codeborne.selenide.impl.ElementFinder.getWebElement(ElementFinder.java:74)
at com.codeborne.selenide.impl.WebElementSource.checkCondition(WebElementSource.java:50)
at com.codeborne.selenide.commands.Should.should(Should.java:35)
at com.codeborne.selenide.commands.Should.execute(Should.java:29)
at com.codeborne.selenide.commands.Should.execute(Should.java:12)
at com.codeborne.selenide.commands.Commands.execute(Commands.java:144)
at com.codeborne.selenide.impl.SelenideElementProxy.dispatchAndRetry(SelenideElementProxy.java:99)
at com.codeborne.selenide.impl.SelenideElementProxy.invoke(SelenideElementProxy.java:65)
at com.sun.proxy.$Proxy4.shouldBe(Unknown Source)
at page_elements.HeaderElement.<init>(HeaderElement.java:15)
at page_objects.RegisterPage.<init>(RegisterPage.java:13)
at tests.RegisterTest.enterIncorrectPass(RegisterTest.java:46)
... Removed 35 stack frames]]>
    </failure>
  </testcase> <!-- enterIncorrectPass -->
  <testcase name="enterIncorrectPersonalData" time="0.0" classname="tests.RegisterTest">
    <failure type="java.lang.IllegalStateException" message="No webdriver is bound to current thread: 1. You need to call open(url) first.">
      <![CDATA[java.lang.IllegalStateException: No webdriver is bound to current thread: 1. You need to call open(url) first.
at com.codeborne.selenide.drivercommands.LazyDriver.getWebDriver(LazyDriver.java:67)
at com.codeborne.selenide.impl.ElementFinder.getSearchContext(ElementFinder.java:86)
at com.codeborne.selenide.impl.ElementFinder.getWebElement(ElementFinder.java:74)
at com.codeborne.selenide.impl.WebElementSource.checkCondition(WebElementSource.java:50)
at com.codeborne.selenide.commands.Should.should(Should.java:35)
at com.codeborne.selenide.commands.Should.execute(Should.java:29)
at com.codeborne.selenide.commands.Should.execute(Should.java:12)
at com.codeborne.selenide.commands.Commands.execute(Commands.java:144)
at com.codeborne.selenide.impl.SelenideElementProxy.dispatchAndRetry(SelenideElementProxy.java:99)
at com.codeborne.selenide.impl.SelenideElementProxy.invoke(SelenideElementProxy.java:65)
at com.sun.proxy.$Proxy4.shouldBe(Unknown Source)
at page_elements.HeaderElement.<init>(HeaderElement.java:15)
at page_objects.RegisterPage.<init>(RegisterPage.java:13)
at tests.RegisterTest.enterIncorrectPersonalData(RegisterTest.java:60)
... Removed 35 stack frames]]>
    </failure>
  </testcase> <!-- enterIncorrectPersonalData -->
</testsuite> <!-- Command line test -->
